2025-06-08 14:06:51,082 [ERROR] LogOutputStream:75 - [STDERR_REDIRECT] 
2025-06-08 17:18:07,388 [INFO] Activator:176 - 


2025-06-08 17:18:07,390 [INFO] Activator:177 - !SESSION log4j initialized
2025-06-08 17:18:12,599 [INFO] LogOutputStream:77 - [STDOUT_REDIRECT] 
2025-06-08 17:18:12,896 [ERROR] LogOutputStream:75 - [STDERR_REDIRECT] 
2025-06-08 17:18:15,114 [INFO] LogOutputStream:77 - [STDOUT_REDIRECT] 
2025-06-08 17:18:16,418 [INFO] ApplicationProperties:184 - Using Application install path: /Applications/STM32CubeIDE.app/Contents/Eclipse/plugins/com.st.stm32cube.common.mx_6.14.1.202504091515
2025-06-08 17:18:16,432 [INFO] DbMcusXml:78 - Set database path to: /Applications/STM32CubeIDE.app/Contents/Eclipse/plugins/com.st.stm32cube.common.mx_6.14.1.202504091515//db//mcu/
2025-06-08 17:18:16,433 [INFO] ApiDb:274 - Set plugin database path to: /Applications/STM32CubeIDE.app/Contents/Eclipse/plugins/com.st.stm32cube.common.mx_6.14.1.202504091515//db//plugins/boardmanager/
2025-06-08 17:18:16,433 [WARN] ApiDb:259 - Overriding images path with different value:  => /Applications/STM32CubeIDE.app/Contents/Eclipse/plugins/com.st.stm32cube.common.mx_6.14.1.202504091515//db//plugins/mcufinder/images/
2025-06-08 17:18:16,441 [INFO] ApiDb:250 - Set database path to: /Users/kevinc/.stmcufinder/plugins/mcufinder//mcu/
2025-06-08 17:18:16,442 [INFO] DbMcusAds:125 - Set database path to: /Users/kevinc/.stmcufinder/plugins/mcufinder//mcu/
2025-06-08 17:18:16,443 [INFO] CrossReferenceDbSqlite:203 - Set database path to: /Users/kevinc/.stmcufinder/plugins/mcufinder//mcu/cs/
2025-06-08 17:18:16,567 [INFO] RulesReader:64 - Compatibility file has been processed (302 Rules)
2025-06-08 17:18:16,662 [INFO] DbMcusXml:78 - Set database path to: /Applications/STM32CubeIDE.app/Contents/Eclipse/plugins/com.st.stm32cube.common.mx_6.14.1.202504091515//db//mcu/
2025-06-08 17:18:16,662 [INFO] ApiDb:274 - Set plugin database path to: /Applications/STM32CubeIDE.app/Contents/Eclipse/plugins/com.st.stm32cube.common.mx_6.14.1.202504091515//db//plugins/boardmanager/
2025-06-08 17:18:16,666 [INFO] ApiDb:261 - Set plugin images path to: /Applications/STM32CubeIDE.app/Contents/Eclipse/plugins/com.st.stm32cube.common.mx_6.14.1.202504091515//db//plugins/mcufinder/images/
2025-06-08 17:18:16,668 [WARN] DbFile:41 - Overriding database path with different value: /Users/kevinc/.stmcufinder/plugins/mcufinder/ => /Users/kevinc/.stmcufinder/plugins/mcufinder
2025-06-08 17:18:16,669 [INFO] ApiDb:250 - Set database path to: /Users/kevinc/.stmcufinder/plugins/mcufinder//mcu/
2025-06-08 17:18:16,671 [WARN] DbFile:41 - Overriding database path with different value: /Users/kevinc/.stmcufinder/plugins/mcufinder/ => /Users/kevinc/.stmcufinder/plugins/mcufinder
2025-06-08 17:18:16,672 [INFO] DbMcusAds:125 - Set database path to: /Users/kevinc/.stmcufinder/plugins/mcufinder//mcu/
2025-06-08 17:18:16,672 [WARN] DbFile:41 - Overriding database path with different value: /Users/kevinc/.stmcufinder/plugins/mcufinder/ => /Users/kevinc/.stmcufinder/plugins/mcufinder
2025-06-08 17:18:16,673 [WARN] DbFile:41 - Overriding database path with different value: /Users/kevinc/.stmcufinder/plugins/mcufinder/ => /Users/kevinc/.stmcufinder/plugins/mcufinder
2025-06-08 17:18:16,678 [INFO] CrossReferenceDbSqlite:203 - Set database path to: /Users/kevinc/.stmcufinder/plugins/mcufinder//mcu/cs/
2025-06-08 17:18:16,814 [INFO] MainPanel:272 - HeapMemory: 268435456
2025-06-08 17:18:17,588 [INFO] DbMcusXml:78 - Set database path to: /Applications/STM32CubeIDE.app/Contents/Eclipse/plugins/com.st.stm32cube.common.mx_6.14.1.202504091515//db//mcu/
2025-06-08 17:18:17,589 [INFO] ApiDb:274 - Set plugin database path to: /Applications/STM32CubeIDE.app/Contents/Eclipse/plugins/com.st.stm32cube.common.mx_6.14.1.202504091515//db//plugins/boardmanager/
2025-06-08 17:18:17,589 [INFO] ApiDb:261 - Set plugin images path to: /Applications/STM32CubeIDE.app/Contents/Eclipse/plugins/com.st.stm32cube.common.mx_6.14.1.202504091515//db//plugins/mcufinder/images/
2025-06-08 17:18:17,589 [WARN] DbFile:41 - Overriding database path with different value: /Users/kevinc/.stmcufinder/plugins/mcufinder/ => /Users/kevinc/.stmcufinder/plugins/mcufinder
2025-06-08 17:18:17,589 [INFO] ApiDb:250 - Set database path to: /Users/kevinc/.stmcufinder/plugins/mcufinder//mcu/
2025-06-08 17:18:17,589 [WARN] DbFile:41 - Overriding database path with different value: /Users/kevinc/.stmcufinder/plugins/mcufinder/ => /Users/kevinc/.stmcufinder/plugins/mcufinder
2025-06-08 17:18:17,589 [INFO] DbMcusAds:125 - Set database path to: /Users/kevinc/.stmcufinder/plugins/mcufinder//mcu/
2025-06-08 17:18:17,589 [WARN] DbFile:41 - Overriding database path with different value: /Users/kevinc/.stmcufinder/plugins/mcufinder/ => /Users/kevinc/.stmcufinder/plugins/mcufinder
2025-06-08 17:18:17,589 [WARN] DbFile:41 - Overriding database path with different value: /Users/kevinc/.stmcufinder/plugins/mcufinder/ => /Users/kevinc/.stmcufinder/plugins/mcufinder
2025-06-08 17:18:17,590 [INFO] CrossReferenceDbSqlite:203 - Set database path to: /Users/kevinc/.stmcufinder/plugins/mcufinder//mcu/cs/
2025-06-08 17:18:17,607 [INFO] ApplicationProperties:184 - Using Application install path: /Applications/STM32CubeIDE.app/Contents/Eclipse/plugins/com.st.stm32cube.common.mx_6.14.1.202504091515
2025-06-08 17:18:17,609 [INFO] PluginManage:196 - Search for loadable plugins [exclusion list=, ]
2025-06-08 17:18:17,610 [INFO] PluginManage:310 - Check plugin analytics
2025-06-08 17:18:17,788 [INFO] AnalyticsPlugin:253 - Accepted Software Licenses: 
2025-06-08 17:18:17,789 [INFO] AnalyticsPlugin:255 - Accepted CMSIS Pack Licenses: 
2025-06-08 17:18:17,789 [INFO] AnalyticsPlugin:257 - Accepted Firmware Licenses: FW.L4.1.18.0
2025-06-08 17:18:17,803 [INFO] PluginManage:359 - Loaded plugin analytics (category:tool,tabindex:-1)
2025-06-08 17:18:17,804 [INFO] PluginManage:310 - Check plugin cadmodel
2025-06-08 17:18:17,815 [INFO] CADModel:105 - Init CAD model plugin
2025-06-08 17:18:17,815 [INFO] PluginManage:359 - Loaded plugin cadmodel (category:power,tabindex:5)
2025-06-08 17:18:17,815 [INFO] PluginManage:310 - Check plugin clock
2025-06-08 17:18:17,825 [INFO] PluginManage:359 - Loaded plugin clock (category:base,tabindex:2)
2025-06-08 17:18:17,825 [INFO] PluginManage:310 - Check plugin ddr
2025-06-08 17:18:17,827 [INFO] PluginManage:359 - Loaded plugin ddr (category:tool,tabindex:6)
2025-06-08 17:18:17,827 [INFO] PluginManage:310 - Check plugin filemanager
2025-06-08 17:18:17,962 [INFO] PluginManage:359 - Loaded plugin filemanager (category:base,tabindex:10)
2025-06-08 17:18:17,963 [INFO] PluginManage:310 - Check plugin ipmanager
2025-06-08 17:18:17,969 [INFO] PluginManage:359 - Loaded plugin ipmanager (category:base,tabindex:5)
2025-06-08 17:18:17,969 [INFO] PluginManage:310 - Check plugin lpbam
2025-06-08 17:18:17,976 [INFO] PluginManage:359 - Loaded plugin lpbam (category:base,tabindex:0)
2025-06-08 17:18:17,976 [INFO] PluginManage:310 - Check plugin memorymap
2025-06-08 17:18:17,983 [INFO] PluginManage:359 - Loaded plugin memorymap (category:base,tabindex:4)
2025-06-08 17:18:17,983 [INFO] PluginManage:310 - Check plugin pinoutandconfiguration
2025-06-08 17:18:17,989 [INFO] PluginManage:359 - Loaded plugin pinoutandconfiguration (category:base,tabindex:1)
2025-06-08 17:18:17,989 [INFO] PluginManage:310 - Check plugin pinoutconfig
2025-06-08 17:18:18,063 [WARN] SupportedApi:132 - Cannot load RTOS API schema: s4s-elt-must-match.1: The content of 'definitions' must match (annotation?, (simpleType | complexType)?, (unique | key | keyref)*)). A problem was found starting at: attribute.
2025-06-08 17:18:18,227 [INFO] PluginManage:359 - Loaded plugin pinoutconfig (category:base,tabindex:0)
2025-06-08 17:18:18,228 [INFO] PluginManage:310 - Check plugin power
2025-06-08 17:18:18,241 [INFO] PluginManage:359 - Loaded plugin power (category:power,tabindex:4)
2025-06-08 17:18:18,242 [INFO] PluginManage:310 - Check plugin projectmanager
2025-06-08 17:18:18,267 [INFO] PluginManage:359 - Loaded plugin projectmanager (category:projectmanager,tabindex:4)
2025-06-08 17:18:18,267 [INFO] PluginManage:310 - Check plugin rif
2025-06-08 17:18:18,273 [INFO] PluginManage:359 - Loaded plugin rif (category:base,tabindex:3)
2025-06-08 17:18:18,273 [INFO] PluginManage:310 - Check plugin thirdparty
2025-06-08 17:18:18,416 [INFO] PluginManage:359 - Loaded plugin thirdparty (category:base,tabindex:-1)
2025-06-08 17:18:18,416 [WARN] IntegrityCheckThread:84 - waiting for thirdparty lock release [integrity check]
2025-06-08 17:18:18,417 [INFO] PluginManage:310 - Check plugin tools
2025-06-08 17:18:18,417 [INFO] IntegrityCheckThread:86 - entering critical section [integrity check]
2025-06-08 17:18:18,417 [INFO] ThirdPartyUpdaterWithRetryManager:70 - Updater plugin not ready yet. [1/15]
2025-06-08 17:18:18,420 [INFO] PluginManage:359 - Loaded plugin tools (category:base,tabindex:7)
2025-06-08 17:18:18,420 [INFO] PluginManage:310 - Check plugin tutovideos
2025-06-08 17:18:18,574 [INFO] PluginManage:359 - Loaded plugin tutovideos (category:base,tabindex:-1)
2025-06-08 17:18:18,574 [INFO] PluginManage:310 - Check plugin updater
2025-06-08 17:18:18,600 [INFO] PluginManage:359 - Loaded plugin updater (category:base,tabindex:12)
2025-06-08 17:18:18,600 [INFO] PluginManage:310 - Check plugin userauth
2025-06-08 17:18:18,605 [INFO] UserAuth:118 - Init User Auth plugin
2025-06-08 17:18:18,608 [INFO] PluginManage:359 - Loaded plugin userauth (category:base,tabindex:14)
2025-06-08 17:18:18,609 [INFO] PluginManage:283 - PluginManage : Loaded plugins [18]
2025-06-08 17:18:18,808 [INFO] PinOutPanel:1589 - setPackage(No Configuration,No Configuration)
2025-06-08 17:18:18,875 [INFO] CADModel:165 - CPN selected for project level
2025-06-08 17:18:18,875 [INFO] CADModel:114 - Register for checkConnection events
2025-06-08 17:18:18,886 [INFO] IPUIPlugin:80 - create IPUIPlugin
2025-06-08 17:18:18,886 [INFO] PluginManager:220 - loadIPPluginJar : add mdma
2025-06-08 17:18:18,892 [INFO] IPUIPlugin:80 - create IPUIPlugin
2025-06-08 17:18:18,892 [INFO] PluginManager:220 - loadIPPluginJar : add freertos
2025-06-08 17:18:18,895 [INFO] IPUIPlugin:80 - create IPUIPlugin
2025-06-08 17:18:18,895 [INFO] PluginManager:220 - loadIPPluginJar : add gic
2025-06-08 17:18:18,902 [INFO] IPUIPlugin:80 - create IPUIPlugin
2025-06-08 17:18:18,903 [INFO] PluginManager:220 - loadIPPluginJar : add adc
2025-06-08 17:18:18,904 [INFO] IPUIPlugin:80 - create IPUIPlugin
2025-06-08 17:18:18,904 [INFO] PluginManager:220 - loadIPPluginJar : add gtzc
2025-06-08 17:18:18,905 [INFO] IPUIPlugin:80 - create IPUIPlugin
2025-06-08 17:18:18,905 [INFO] PluginManager:220 - loadIPPluginJar : add quadspi
2025-06-08 17:18:18,906 [INFO] IPUIPlugin:80 - create IPUIPlugin
2025-06-08 17:18:18,906 [INFO] PluginManager:220 - loadIPPluginJar : add aes
2025-06-08 17:18:18,907 [INFO] IPUIPlugin:80 - create IPUIPlugin
2025-06-08 17:18:18,908 [INFO] PluginManager:220 - loadIPPluginJar : add pdm2pcm
2025-06-08 17:18:18,909 [INFO] IPUIPlugin:80 - create IPUIPlugin
2025-06-08 17:18:18,909 [INFO] PluginManager:220 - loadIPPluginJar : add hash
2025-06-08 17:18:18,912 [INFO] IPUIPlugin:80 - create IPUIPlugin
2025-06-08 17:18:18,913 [INFO] PluginManager:220 - loadIPPluginJar : add tim
2025-06-08 17:18:18,914 [INFO] IPUIPlugin:80 - create IPUIPlugin
2025-06-08 17:18:18,914 [INFO] PluginManager:220 - loadIPPluginJar : add tsc
2025-06-08 17:18:18,918 [INFO] IPUIPlugin:80 - create IPUIPlugin
2025-06-08 17:18:18,918 [INFO] PluginManager:220 - loadIPPluginJar : add extmemmanager
2025-06-08 17:18:18,919 [INFO] IPUIPlugin:80 - create IPUIPlugin
2025-06-08 17:18:18,920 [INFO] PluginManager:220 - loadIPPluginJar : add ts
2025-06-08 17:18:18,920 [INFO] IPUIPlugin:80 - create IPUIPlugin
2025-06-08 17:18:18,920 [INFO] PluginManager:220 - loadIPPluginJar : add radio
2025-06-08 17:18:18,922 [INFO] IPUIPlugin:80 - create IPUIPlugin
2025-06-08 17:18:18,922 [INFO] PluginManager:220 - loadIPPluginJar : add can
2025-06-08 17:18:18,923 [INFO] IPUIPlugin:80 - create IPUIPlugin
2025-06-08 17:18:18,923 [INFO] PluginManager:220 - loadIPPluginJar : add dma3
2025-06-08 17:18:18,924 [INFO] IPUIPlugin:80 - create IPUIPlugin
2025-06-08 17:18:18,924 [INFO] PluginManager:220 - loadIPPluginJar : add dfsdm
2025-06-08 17:18:18,925 [INFO] IPUIPlugin:80 - create IPUIPlugin
2025-06-08 17:18:18,925 [INFO] PluginManager:220 - loadIPPluginJar : add spi
2025-06-08 17:18:18,926 [INFO] IPUIPlugin:80 - create IPUIPlugin
2025-06-08 17:18:18,927 [INFO] PluginManager:220 - loadIPPluginJar : add gfxmmu
2025-06-08 17:18:18,928 [INFO] IPUIPlugin:80 - create IPUIPlugin
2025-06-08 17:18:18,928 [INFO] PluginManager:220 - loadIPPluginJar : add genericplugin
2025-06-08 17:18:18,929 [INFO] IPUIPlugin:80 - create IPUIPlugin
2025-06-08 17:18:18,929 [INFO] PluginManager:220 - loadIPPluginJar : add cryp
2025-06-08 17:18:18,932 [INFO] IPUIPlugin:80 - create IPUIPlugin
2025-06-08 17:18:18,933 [INFO] PluginManager:220 - loadIPPluginJar : add gpio
2025-06-08 17:18:18,935 [INFO] IPUIPlugin:80 - create IPUIPlugin
2025-06-08 17:18:18,936 [INFO] PluginManager:220 - loadIPPluginJar : add ddr_ctrl_phy
2025-06-08 17:18:18,937 [INFO] IPUIPlugin:80 - create IPUIPlugin
2025-06-08 17:18:18,937 [INFO] PluginManager:220 - loadIPPluginJar : add comp
2025-06-08 17:18:18,939 [INFO] IPUIPlugin:80 - create IPUIPlugin
2025-06-08 17:18:18,940 [INFO] PluginManager:220 - loadIPPluginJar : add tracer_emb
2025-06-08 17:18:18,942 [INFO] IPUIPlugin:80 - create IPUIPlugin
2025-06-08 17:18:18,942 [INFO] PluginManager:220 - loadIPPluginJar : add openamp
2025-06-08 17:18:18,946 [INFO] IPUIPlugin:80 - create IPUIPlugin
2025-06-08 17:18:18,946 [INFO] PluginManager:220 - loadIPPluginJar : add stm32_wpan
2025-06-08 17:18:18,950 [INFO] IPUIPlugin:80 - create IPUIPlugin
2025-06-08 17:18:18,953 [INFO] PluginManager:220 - loadIPPluginJar : add plateformsettings
2025-06-08 17:18:18,955 [INFO] IPUIPlugin:80 - create IPUIPlugin
2025-06-08 17:18:18,955 [INFO] PluginManager:220 - loadIPPluginJar : add ipddr
2025-06-08 17:18:18,957 [INFO] IPUIPlugin:80 - create IPUIPlugin
2025-06-08 17:18:18,957 [INFO] PluginManager:220 - loadIPPluginJar : add usart
2025-06-08 17:18:18,957 [INFO] IPUIPlugin:80 - create IPUIPlugin
2025-06-08 17:18:18,958 [INFO] PluginManager:220 - loadIPPluginJar : add ltdc
2025-06-08 17:18:18,959 [INFO] IPUIPlugin:80 - create IPUIPlugin
2025-06-08 17:18:18,960 [INFO] PluginManager:220 - loadIPPluginJar : add nvic
2025-06-08 17:18:18,960 [INFO] IPUIPlugin:80 - create IPUIPlugin
2025-06-08 17:18:18,960 [INFO] PluginManager:220 - loadIPPluginJar : add fatfs
2025-06-08 17:18:18,964 [INFO] IPUIPlugin:80 - create IPUIPlugin
2025-06-08 17:18:18,965 [INFO] PluginManager:220 - loadIPPluginJar : add linkedlist
2025-06-08 17:18:18,968 [INFO] IPUIPlugin:80 - create IPUIPlugin
2025-06-08 17:18:18,969 [INFO] PluginManager:220 - loadIPPluginJar : add dma
2025-06-08 17:18:18,990 [INFO] IPUIPlugin:80 - create IPUIPlugin
2025-06-08 17:18:18,990 [INFO] PluginManager:220 - loadIPPluginJar : add fmc
2025-06-08 17:18:18,993 [INFO] IPUIPlugin:80 - create IPUIPlugin
2025-06-08 17:18:18,993 [INFO] PluginManager:220 - loadIPPluginJar : add i2s
2025-06-08 17:18:18,994 [INFO] IPUIPlugin:80 - create IPUIPlugin
2025-06-08 17:18:18,995 [INFO] PluginManager:220 - loadIPPluginJar : add ucpd
2025-06-08 17:18:18,996 [INFO] IPUIPlugin:80 - create IPUIPlugin
2025-06-08 17:18:18,996 [INFO] PluginManager:220 - loadIPPluginJar : add lorawan
2025-06-08 17:18:18,997 [INFO] IPUIPlugin:80 - create IPUIPlugin
2025-06-08 17:18:18,997 [INFO] PluginManager:220 - loadIPPluginJar : add opamp
2025-06-08 17:18:18,999 [INFO] IPUIPlugin:80 - create IPUIPlugin
2025-06-08 17:18:18,999 [INFO] PluginManager:220 - loadIPPluginJar : add i3c
2025-06-08 17:18:19,001 [INFO] IPUIPlugin:80 - create IPUIPlugin
2025-06-08 17:18:19,004 [INFO] PluginManager:220 - loadIPPluginJar : add touchsensing
2025-06-08 17:18:19,006 [INFO] IPUIPlugin:80 - create IPUIPlugin
2025-06-08 17:18:19,006 [INFO] PluginManager:220 - loadIPPluginJar : add i2c
2025-06-08 17:18:19,009 [INFO] IPUIPlugin:80 - create IPUIPlugin
2025-06-08 17:18:19,009 [INFO] PluginManager:220 - loadIPPluginJar : add resmgrutility
2025-06-08 17:18:19,011 [INFO] IPUIPlugin:80 - create IPUIPlugin
2025-06-08 17:18:19,011 [INFO] PluginManager:220 - loadIPPluginJar : add sai
2025-06-08 17:18:19,013 [INFO] IPUIPlugin:80 - create IPUIPlugin
2025-06-08 17:18:19,013 [INFO] PluginManager:220 - loadIPPluginJar : add usbx
2025-06-08 17:18:19,134 [FATAL] Updater:351 - Updater called before beeing initialized
2025-06-08 17:18:19,181 [INFO] RulesReader:64 - Compatibility file has been processed (302 Rules)
2025-06-08 17:18:19,196 [INFO] RulesReader:64 - Compatibility file has been processed (302 Rules)
2025-06-08 17:18:19,206 [INFO] CADModel:165 - CPN selected for project level
2025-06-08 17:18:19,206 [INFO] CADModel:114 - Register for checkConnection events
2025-06-08 17:18:19,206 [FATAL] Updater:351 - Updater called before beeing initialized
2025-06-08 17:18:19,206 [ERROR] CADModel:125 - Updater not yet initialized, retry later 
2025-06-08 17:18:19,417 [FATAL] Updater:351 - Updater called before beeing initialized
2025-06-08 17:18:19,419 [INFO] CADModel:165 - CPN selected for project level
2025-06-08 17:18:19,419 [INFO] CADModel:114 - Register for checkConnection events
2025-06-08 17:18:19,419 [FATAL] Updater:351 - Updater called before beeing initialized
2025-06-08 17:18:19,419 [ERROR] CADModel:125 - Updater not yet initialized, retry later 
2025-06-08 17:18:19,421 [FATAL] Updater:351 - Updater called before beeing initialized
2025-06-08 17:18:19,575 [FATAL] Updater:351 - Updater called before beeing initialized
2025-06-08 17:18:19,580 [INFO] DbMcusAds:53 - JSON generation date=Wed May 07 05:07:55 EDT 2025 (1746608875484)
2025-06-08 17:18:19,580 [FATAL] Updater:351 - Updater called before beeing initialized
2025-06-08 17:18:19,637 [WARN] DetailPanel:346 - Failed to get advertising image, set to default
2025-06-08 17:18:19,839 [FATAL] Updater:351 - Updater called before beeing initialized
2025-06-08 17:18:19,843 [FATAL] Updater:351 - Updater called before beeing initialized
2025-06-08 17:18:19,844 [FATAL] Updater:351 - Updater called before beeing initialized
2025-06-08 17:18:19,844 [WARN] DetailPanel:346 - Failed to get advertising image, set to default
2025-06-08 17:18:19,845 [FATAL] Updater:351 - Updater called before beeing initialized
2025-06-08 17:18:19,890 [ERROR] Updater:1198 - MainUpdater not yet initialized. External WinMGr cannot be set.
2025-06-08 17:18:19,894 [INFO] Updater:1134 - Updater Version found : 6.14.1
2025-06-08 17:18:19,907 [INFO] ApplicationProperties:184 - Using Application install path: /Applications/STM32CubeIDE.app/Contents/Eclipse/plugins/com.st.stm32cube.common.mx_6.14.1.202504091515
2025-06-08 17:18:20,227 [INFO] MainUpdater:2872 - connection check result : 10
2025-06-08 17:18:20,228 [INFO] MainUpdater:289 - Updater Check For Update Now.
2025-06-08 17:18:20,228 [INFO] MicroXplorer:498 - Change Database Version : DB.6.0.141
2025-06-08 17:18:20,236 [INFO] McuFinderGlobals:63 - Set McuFinder mode to 2 (CubeIDE integrated)
2025-06-08 17:18:20,238 [INFO] UserAuth:484 - Internet connection configuration mode: 1
2025-06-08 17:18:20,255 [INFO] JxBrowserEngine:152 - Initiate JxBrowser Engine with user profile folder
2025-06-08 17:18:20,477 [INFO] CheckServerUpdateThread:120 - End of CheckServer Thread
2025-06-08 17:18:21,613 [WARN] PackLoader:240 - Cannot read IP mode file for STMicroelectronics.FP-SNS-MOTENVWB1.1.4.0
2025-06-08 17:18:21,631 [WARN] PackLoader:240 - Cannot read IP mode file for STMicroelectronics.FP-ATR-ASTRA1.2.0.2
2025-06-08 17:18:21,646 [WARN] PackLoader:240 - Cannot read IP mode file for STMicroelectronics.FP-ATR-ASTRA1.2.0.1
2025-06-08 17:18:21,658 [WARN] PackLoader:240 - Cannot read IP mode file for STMicroelectronics.X-CUBE-SMBUS.2.1.0
2025-06-08 17:18:21,694 [WARN] PackLoader:240 - Cannot read IP mode file for STMicroelectronics.X-CUBE-WB05N.1.1.0
2025-06-08 17:18:21,710 [WARN] PackLoader:240 - Cannot read IP mode file for STMicroelectronics.X-CUBE-ST60.1.0.0
2025-06-08 17:18:21,753 [WARN] PackLoader:240 - Cannot read IP mode file for STMicroelectronics.X-CUBE-AZRTOS-F7.1.1.0
2025-06-08 17:18:21,883 [WARN] PackLoader:240 - Cannot read IP mode file for STMicroelectronics.X-CUBE-MEMS1.11.0.0
2025-06-08 17:18:22,050 [WARN] PackLoader:240 - Cannot read IP mode file for STMicroelectronics.FP-SNS-FLIGHT1.5.0.2
2025-06-08 17:18:22,096 [WARN] PackLoader:240 - Cannot read IP mode file for STMicroelectronics.X-CUBE-DISPLAY.3.0.0
2025-06-08 17:18:22,346 [WARN] PackLoader:240 - Cannot read IP mode file for STMicroelectronics.X-CUBE-BLE1.7.0.0
2025-06-08 17:18:22,390 [WARN] PackLoader:240 - Cannot read IP mode file for STMicroelectronics.X-CUBE-NFC10.1.0.0
2025-06-08 17:18:22,419 [WARN] PackLoader:240 - Cannot read IP mode file for STMicroelectronics.X-CUBE-BLEMGR.4.0.0
2025-06-08 17:18:22,435 [WARN] PackLoader:240 - Cannot read IP mode file for emotas.I-CUBE-CANOPEN.1.3.0
2025-06-08 17:18:22,452 [WARN] PackLoader:240 - Cannot read IP mode file for STMicroelectronics.X-CUBE-BLEMGR.3.1.0
2025-06-08 17:18:22,462 [WARN] PackLoader:240 - Cannot read IP mode file for STMicroelectronics.FP-SNS-SMARTAG2.1.2.0
2025-06-08 17:18:22,466 [WARN] PackLoader:240 - Cannot read IP mode file for STMicroelectronics.FP-SNS-FLIGHT1.5.1.0
2025-06-08 17:18:22,480 [INFO] LogOutputStream:77 - [STDOUT_REDIRECT] 1 : Invalid condition id : UX_CORESTACK_Condition cause : null
2025-06-08 17:18:22,487 [INFO] LogOutputStream:77 - [STDOUT_REDIRECT] 1 : Invalid condition id : UX_CORESTACK_Condition cause : null
2025-06-08 17:18:22,487 [INFO] LogOutputStream:77 - [STDOUT_REDIRECT] 1 : Invalid condition id : UX_CORESTACK_Condition cause : null
2025-06-08 17:18:22,487 [INFO] LogOutputStream:77 - [STDOUT_REDIRECT] 1 : Invalid condition id : UX_CORESTACK_Condition cause : null
2025-06-08 17:18:22,488 [INFO] LogOutputStream:77 - [STDOUT_REDIRECT] 1 : Invalid condition id : UX_CORESTACK_Condition cause : null
2025-06-08 17:18:22,493 [WARN] PackLoader:240 - Cannot read IP mode file for STMicroelectronics.X-CUBE-AZRTOS-WL.2.0.0
2025-06-08 17:18:22,505 [WARN] PackLoader:240 - Cannot read IP mode file for STMicroelectronics.FP-SNS-MOTENV1.5.0.0
2025-06-08 17:18:22,508 [WARN] PackLoader:240 - Cannot read IP mode file for wolfSSL.I-CUBE-wolfMQTT.1.19.0
2025-06-08 17:18:22,531 [WARN] PackLoader:240 - Cannot read IP mode file for WES.I-CUBE-Cesium.1.3.0
2025-06-08 17:18:22,545 [WARN] PackLoader:240 - Cannot read IP mode file for STMicroelectronics.X-CUBE-BLE2.3.3.0
2025-06-08 17:18:22,556 [WARN] PackLoader:240 - Cannot read IP mode file for STMicroelectronics.X-CUBE-NFC9.1.0.0
2025-06-08 17:18:22,563 [WARN] PackLoader:240 - Cannot read IP mode file for STMicroelectronics.X-CUBE-BLE1.7.1.0
2025-06-08 17:18:22,572 [WARN] PackLoader:240 - Cannot read IP mode file for STMicroelectronics.X-CUBE-TCPP.4.1.0
2025-06-08 17:18:22,579 [WARN] PackLoader:240 - Cannot read IP mode file for STMicroelectronics.X-CUBE-AI.10.1.0
2025-06-08 17:18:22,667 [WARN] PackLoader:240 - Cannot read IP mode file for STMicroelectronics.X-CUBE-MEMS1.11.2.0
2025-06-08 17:18:22,866 [WARN] PackLoader:240 - Cannot read IP mode file for STMicroelectronics.X-CUBE-AZRTOS-G0.1.1.0
2025-06-08 17:18:22,886 [WARN] PackLoader:240 - Cannot read IP mode file for STMicroelectronics.X-CUBE-SAFEA1.1.2.2
2025-06-08 17:18:22,892 [WARN] PackLoader:240 - Cannot read IP mode file for STMicroelectronics.X-CUBE-NFC4.3.0.0
2025-06-08 17:18:22,914 [WARN] PackLoader:240 - Cannot read IP mode file for EmbeddedOffice.I-CUBE-FS-RTOS.1.0.1
2025-06-08 17:18:22,924 [WARN] PackLoader:240 - Cannot read IP mode file for STMicroelectronics.X-CUBE-WB05N.2.0.0
2025-06-08 17:18:22,932 [WARN] PackLoader:240 - Cannot read IP mode file for STMicroelectronics.X-CUBE-TCPP.4.2.0
2025-06-08 17:18:22,938 [WARN] PackLoader:240 - Cannot read IP mode file for STMicroelectronics.FP-ATR-SIGFOX1.3.2.0
2025-06-08 17:18:22,941 [WARN] ConditionMgr:438 - getConditionDescription Invalid condition id : Cortex-A Device cause : null
2025-06-08 17:18:22,999 [WARN] ConditionMgr:1044 - genDependencies : Invalid condition id : Cortex-A Device cause : null
2025-06-08 17:18:22,999 [WARN] ConditionMgr:1044 - genDependencies : Invalid condition id : Cortex-A Device cause : null
2025-06-08 17:18:22,999 [WARN] ConditionMgr:1044 - genDependencies : Invalid condition id : Cortex-A Device cause : null
2025-06-08 17:18:23,031 [WARN] PackLoader:240 - Cannot read IP mode file for STMicroelectronics.X-CUBE-EEPRMA1.5.1.0
2025-06-08 17:18:23,042 [WARN] PackLoader:240 - Cannot read IP mode file for ITTIA_DB.I-CUBE-ITTIADB.8.9.0
2025-06-08 17:18:23,051 [WARN] PackLoader:240 - Cannot read IP mode file for STMicroelectronics.X-CUBE-ST67W61.1.0.0
2025-06-08 17:18:23,111 [WARN] PackLoader:240 - Cannot read IP mode file for SEGGER.I-CUBE-embOS.1.3.1
2025-06-08 17:18:23,162 [WARN] PackLoader:240 - Cannot read IP mode file for STMicroelectronics.X-CUBE-ALGOBUILD.1.4.0
2025-06-08 17:18:23,171 [WARN] PackLoader:240 - Cannot read IP mode file for STMicroelectronics.X-CUBE-AI.9.1.0
2025-06-08 17:18:23,179 [WARN] PackLoader:240 - Cannot read IP mode file for STMicroelectronics.X-CUBE-GNSS1.6.0.0
2025-06-08 17:18:23,207 [WARN] PackLoader:240 - Cannot read IP mode file for STMicroelectronics.X-CUBE-AZRTOS-F4.1.1.0
2025-06-08 17:18:23,220 [WARN] PackLoader:240 - Cannot read IP mode file for Avnet-IotConnect.X-CUBE-IoTC-DA16k-PMOD.1.0.0
2025-06-08 17:18:23,224 [WARN] PackLoader:240 - Cannot read IP mode file for STMicroelectronics.X-CUBE-ISPU.2.1.0
2025-06-08 17:18:23,231 [WARN] PackLoader:240 - Cannot read IP mode file for STMicroelectronics.X-CUBE-FREERTOS.1.2.0
2025-06-08 17:18:23,253 [WARN] PackLoader:240 - Cannot read IP mode file for STMicroelectronics.X-CUBE-AZRTOS-L5.2.0.0
2025-06-08 17:18:23,270 [WARN] PackLoader:240 - Cannot read IP mode file for STMicroelectronics.X-CUBE-NFC6.3.1.0
2025-06-08 17:18:23,284 [WARN] PackLoader:240 - Cannot read IP mode file for STMicroelectronics.X-CUBE-DPower.1.2.0
2025-06-08 17:18:23,288 [WARN] PackLoader:240 - Cannot read IP mode file for STMicroelectronics.X-CUBE-AI.9.0.0
2025-06-08 17:18:23,295 [WARN] PackLoader:240 - Cannot read IP mode file for STMicroelectronics.X-CUBE-FREERTOS.1.3.1
2025-06-08 17:18:23,299 [WARN] PackLoader:240 - Cannot read IP mode file for STMicroelectronics.X-CUBE-NFC7.1.0.1
2025-06-08 17:18:23,304 [WARN] PackLoader:240 - Cannot read IP mode file for STMicroelectronics.X-CUBE-DPower.1.3.0
2025-06-08 17:18:23,328 [WARN] ConditionMgr:438 - getConditionDescription Invalid condition id : LAN8742 Phy interface Condition cause : null
2025-06-08 17:18:23,329 [WARN] PackLoader:240 - Cannot read IP mode file for STMicroelectronics.X-CUBE-AZRTOS-L4.2.0.0
2025-06-08 17:18:23,331 [WARN] ConditionMgr:1044 - genDependencies : Invalid condition id : LAN8742 Phy interface Condition cause : null
2025-06-08 17:18:23,332 [WARN] ConditionMgr:1044 - genDependencies : Invalid condition id : LAN8742 Phy interface Condition cause : null
2025-06-08 17:18:23,333 [WARN] ConditionMgr:1044 - genDependencies : Invalid condition id : LAN8742 Phy interface Condition cause : null
2025-06-08 17:18:23,340 [WARN] PackLoader:240 - Cannot read IP mode file for STMicroelectronics.X-CUBE-SFXS2LP1.4.0.0
2025-06-08 17:18:23,352 [WARN] PackLoader:240 - Cannot read IP mode file for STMicroelectronics.X-CUBE-IPS.3.0.0
2025-06-08 17:18:23,368 [WARN] ConditionMgr:438 - getConditionDescription Invalid condition id : UX DEVICE CLASS RTOS Condition cause : null
2025-06-08 17:18:23,368 [WARN] ConditionMgr:438 - getConditionDescription Invalid condition id : UX DEVICE CLASS RTOS Condition cause : null
2025-06-08 17:18:23,371 [WARN] PackLoader:240 - Cannot read IP mode file for STMicroelectronics.X-CUBE-AZRTOS-WB.2.0.0
2025-06-08 17:18:23,372 [WARN] ConditionMgr:1044 - genDependencies : Invalid condition id : UX DEVICE CLASS RTOS Condition cause : null
2025-06-08 17:18:23,372 [WARN] ConditionMgr:1044 - genDependencies : Invalid condition id : UX DEVICE CLASS RTOS Condition cause : null
2025-06-08 17:18:23,373 [WARN] ConditionMgr:1044 - genDependencies : Invalid condition id : UX DEVICE CLASS RTOS Condition cause : null
2025-06-08 17:18:23,374 [WARN] ConditionMgr:1044 - genDependencies : Invalid condition id : UX DEVICE CLASS RTOS Condition cause : null
2025-06-08 17:18:23,374 [WARN] ConditionMgr:1044 - genDependencies : Invalid condition id : UX DEVICE CLASS RTOS Condition cause : null
2025-06-08 17:18:23,379 [WARN] PackLoader:240 - Cannot read IP mode file for STMicroelectronics.X-CUBE-GNSS1.7.0.0
2025-06-08 17:18:23,384 [WARN] PackLoader:240 - Cannot read IP mode file for STMicroelectronics.X-CUBE-GNSS1.7.0.1
2025-06-08 17:18:23,388 [WARN] PackLoader:240 - Cannot read IP mode file for STMicroelectronics.X-CUBE-TOUCHGFX.4.25.0
2025-06-08 17:18:23,435 [WARN] PackLoader:240 - Cannot read IP mode file for STMicroelectronics.X-CUBE-SUBG2.5.0.0
2025-06-08 17:18:23,644 [WARN] PackLoader:240 - Cannot read IP mode file for STMicroelectronics.X-CUBE-AZRTOS-H7RS.1.1.0
2025-06-08 17:18:23,676 [WARN] PackLoader:240 - Cannot read IP mode file for Cesanta.I-CUBE-Mongoose.7.13.0
2025-06-08 17:18:23,694 [WARN] PackLoader:240 - Cannot read IP mode file for STMicroelectronics.X-CUBE-AZRTOS-G4.2.0.0
2025-06-08 17:18:23,710 [WARN] PackLoader:240 - Cannot read IP mode file for STMicroelectronics.X-CUBE-NFC7.2.0.0
2025-06-08 17:18:23,714 [WARN] PackLoader:240 - Cannot read IP mode file for STMicroelectronics.X-CUBE-ISPU.2.0.0
2025-06-08 17:18:23,725 [WARN] PackLoader:240 - Cannot read IP mode file for STMicroelectronics.X-CUBE-IPS.3.1.0
2025-06-08 17:18:23,731 [WARN] PackLoader:240 - Cannot read IP mode file for STMicroelectronics.X-CUBE-ALS.1.0.2
2025-06-08 17:18:23,734 [WARN] PackLoader:240 - Cannot read IP mode file for STMicroelectronics.X-CUBE-TOUCHGFX.4.24.0
2025-06-08 17:18:23,736 [WARN] PackLoader:240 - Cannot read IP mode file for STMicroelectronics.X-CUBE-TOUCHGFX.4.24.1
2025-06-08 17:18:23,740 [WARN] PackLoader:240 - Cannot read IP mode file for portGmbH.I-Cube-SoM-uGOAL.1.1.0
2025-06-08 17:18:23,765 [WARN] PackLoader:240 - Cannot read IP mode file for STMicroelectronics.X-CUBE-AZRTOS-H7RS.1.0.0
2025-06-08 17:18:23,772 [WARN] PackLoader:240 - Cannot read IP mode file for STMicroelectronics.FP-ATR-ASTRA1.2.0.0
2025-06-08 17:18:23,784 [WARN] PackLoader:240 - Cannot read IP mode file for STMicroelectronics.X-CUBE-TOF1.3.4.2
2025-06-08 17:18:23,803 [WARN] PackLoader:240 - Cannot read IP mode file for STMicroelectronics.X-CUBE-TOF1.3.4.3
2025-06-08 17:18:23,835 [WARN] PackLoader:240 - Cannot read IP mode file for Infineon.AIROC-Wi-Fi-Bluetooth-STM32.1.6.1
2025-06-08 17:18:23,863 [INFO] ThirdParty:978 - Integrity check success = true
2025-06-08 17:18:23,869 [INFO] IntegrityCheckThread:100 - exiting critical section [integrity check]
2025-06-08 17:18:23,869 [INFO] IntegrityCheckThread:103 - End integrity checks thread
2025-06-08 17:18:25,236 [INFO] WebApp:169 - Instantiating new browser for Auth
2025-06-08 17:18:26,761 [INFO] WebApp:463 - Apply proxy settings
2025-06-08 17:18:26,778 [INFO] WebApp:508 - Chromium authenticates against Manually configured proxy
2025-06-08 17:18:26,794 [INFO] WebApp:516 - Username used for proxy authentication: 
2025-06-08 17:18:26,835 [INFO] WebApp:894 - Register for checkConnection events
2025-06-08 17:18:26,836 [INFO] WebApp:463 - Apply proxy settings
2025-06-08 17:18:26,839 [INFO] WebApp:508 - Chromium authenticates against Manually configured proxy
2025-06-08 17:18:26,840 [INFO] WebApp:516 - Username used for proxy authentication: 
2025-06-08 17:18:26,990 [INFO] WebApp:225 - Starting web application
2025-06-08 17:18:26,990 [INFO] WebApp:593 - Web application path used /Applications/STM32CubeIDE.app/Contents/Eclipse/plugins/com.st.stm32cube.common.mx_6.14.1.202504091515/db/plugins/mcufinder/reactClient1/index.html
2025-06-08 17:18:27,569 [INFO] WebApp:191 - Connection restablished
2025-06-08 17:18:27,644 [INFO] UserAuth:484 - Internet connection configuration mode: 1
